<?xml version="1.0" encoding="UTF-8"?>
<!-- Generated by org.testng.reporters.JUnitReportReporter -->
<testsuite hostname="DESKTOP-6DK9BR1" failures="0" tests="3" name="cucumberOptions.TestRunner" time="8.129" errors="0" timestamp="2025-07-31T09:40:31 IST" skipped="0">
  <testcase classname="cucumberOptions.TestRunner" name="runScenario" time="1.738"/>
  <testcase classname="cucumberOptions.TestRunner" name="runScenario" time="4.217"/>
  <testcase classname="cucumberOptions.TestRunner" name="runScenario" time="2.174"/>
</testsuite> <!-- cucumberOptions.TestRunner -->
