<?xml version="1.0" encoding="UTF-8"?>
<!-- Generated by org.testng.reporters.JUnitReportReporter -->
<testsuite hostname="DESKTOP-6DK9BR1" failures="0" tests="3" name="cucumberOptions.TestRunner" time="10.127" errors="0" timestamp="2025-07-30T07:51:36 IST" skipped="0">
  <testcase classname="cucumberOptions.TestRunner" name="runScenario" time="1.851"/>
  <testcase classname="cucumberOptions.TestRunner" name="runScenario" time="2.460"/>
  <testcase classname="cucumberOptions.TestRunner" name="runScenario" time="5.816"/>
</testsuite> <!-- cucumberOptions.TestRunner -->
